<?xml version="1.0" encoding="UTF-8"?>
<!-- Generated by org.testng.reporters.JUnitXMLReporter -->
<testsuite ignored="0" hostname="KUMARANHARSHA" failures="0" tests="20" name="Default test" time="30.173" errors="0" timestamp="2024-11-06T22:37:39 IST">
  <testcase classname="org.testNG.DataProviderTest2" name="logInField" time="1.269"/>
  <testcase classname="org.testNG.DataProviderTest2" name="logInField" time="1.247"/>
  <testcase classname="org.testNG.DataProviderTest2" name="logInField" time="1.233"/>
  <testcase classname="org.testNG.DataProviderTest2" name="logInField" time="1.257"/>
  <testcase classname="org.testNG.DataProviderTest2" name="logInField" time="1.301"/>
  <testcase classname="org.testNG.DataProviderTest2" name="logInField" time="1.385"/>
  <testcase classname="org.testNG.DataProviderTest2" name="logInField" time="1.321"/>
  <testcase classname="org.testNG.DataProviderTest2" name="logInField" time="1.331"/>
  <testcase classname="org.testNG.DataProviderTest2" name="logInField" time="1.338"/>
  <testcase classname="org.testNG.DataProviderTest2" name="logInField" time="1.386"/>
  <testcase classname="org.testNG.DataProviderTest2" name="logInField" time="1.341"/>
  <testcase classname="org.testNG.DataProviderTest2" name="logInField" time="1.432"/>
  <testcase classname="org.testNG.DataProviderTest2" name="logInField" time="1.375"/>
  <testcase classname="org.testNG.DataProviderTest2" name="logInField" time="1.418"/>
  <testcase classname="org.testNG.DataProviderTest2" name="logInField" time="1.363"/>
  <testcase classname="org.testNG.DataProviderTest2" name="logInField" time="1.359"/>
  <testcase classname="org.testNG.DataProviderTest2" name="logInField" time="1.361"/>
  <testcase classname="org.testNG.DataProviderTest2" name="logInField" time="1.382"/>
  <testcase classname="org.testNG.DataProviderTest2" name="logInField" time="1.373"/>
  <testcase classname="org.testNG.DataProviderTest2" name="logInField" time="1.323"/>
</testsuite> <!-- Default test -->
