<?xml version="1.0" encoding="UTF-8"?>
<!-- Generated by org.testng.reporters.JUnitXMLReporter -->
<testsuite ignored="0" hostname="KUMARANHARSHA" failures="0" tests="3" name="Test2" time="6.675" errors="0" timestamp="2024-11-06T23:37:49 IST">
  <testcase classname="org.testNG.TestLevelParallelTest" name="urlLaunch" time="1.743"/>
  <testcase classname="org.testNG.TestLevelParallelTest" name="userName" time="0.144"/>
  <testcase classname="org.testNG.TestLevelParallelTest" name="passWord" time="0.132"/>
</testsuite> <!-- Test2 -->
