<?xml version="1.0" encoding="UTF-8"?>
<!-- Generated by org.testng.reporters.JUnitXMLReporter -->
<testsuite ignored="0" hostname="KUMARANHARSHA" failures="0" tests="3" name="Test1" time="4.673" errors="0" timestamp="2024-11-06T23:37:47 IST">
  <testcase classname="org.testNG.TestLevelParallelTest" name="urlLaunch" time="1.274"/>
  <testcase classname="org.testNG.TestLevelParallelTest" name="userName" time="0.192"/>
  <testcase classname="org.testNG.TestLevelParallelTest" name="passWord" time="0.794"/>
</testsuite> <!-- Test1 -->
