<?xml version="1.0" encoding="UTF-8"?>
<!-- Generated by org.testng.reporters.JUnitXMLReporter -->
<testsuite ignored="0" hostname="KUMARANHARSHA" failures="0" tests="3" name="Test" time="9.273" errors="0" timestamp="2024-11-06T23:21:05 IST">
  <testcase classname="org.testNG.MethodLevelParallelTest" name="logInPage2" time="6.562"/>
  <testcase classname="org.testNG.MethodLevelParallelTest" name="logInPage3" time="7.27"/>
  <testcase classname="org.testNG.MethodLevelParallelTest" name="logInPage" time="9.237"/>
</testsuite> <!-- Test -->
