<?xml version="1.0" encoding="UTF-8"?>
<!-- Generated by org.testng.reporters.JUnitXMLReporter -->
<testsuite ignored="0" hostname="KUMARANHARSHA" failures="0" tests="3" name="Test4" time="0.073" errors="0" timestamp="2024-11-06T23:37:42 IST">
  <testcase classname="org.testNG.TestLevelParallelTest" name="@BeforeClass browserLaunch" time="0.012">
    <failure type="java.lang.NullPointerException" message="Cannot invoke &amp;quot;org.openqa.selenium.WebDriver.manage()&amp;quot; because &amp;quot;this.driver&amp;quot; is null">
      <![CDATA[java.lang.NullPointerException: Cannot invoke "org.openqa.selenium.WebDriver.manage()" because "this.driver" is null
at org.testNG.TestLevelParallelTest.browserLaunch(TestLevelParallelTest.java:33)
at java.base/java.util.ArrayList.forEach(ArrayList.java:1511)
at java.base/java.util.concurrent.FutureTask.run(FutureTask.java:264)
at java.base/java.util.concurrent.ThreadPoolExecutor.runWorker(ThreadPoolExecutor.java:1136)
at java.base/java.util.concurrent.ThreadPoolExecutor$Worker.run(ThreadPoolExecutor.java:635)
at java.base/java.lang.Thread.run(Thread.java:840)
... Removed 16 stack frames]]>
    </failure>
  </testcase> <!-- @BeforeClass browserLaunch -->
  <testcase classname="org.testNG.TestLevelParallelTest" name="@AfterClass driverClose" time="0.0">
    <failure type="java.lang.NullPointerException" message="Cannot invoke &amp;quot;org.openqa.selenium.WebDriver.close()&amp;quot; because &amp;quot;this.driver&amp;quot; is null">
      <![CDATA[java.lang.NullPointerException: Cannot invoke "org.openqa.selenium.WebDriver.close()" because "this.driver" is null
at org.testNG.TestLevelParallelTest.driverClose(TestLevelParallelTest.java:53)
at java.base/java.util.ArrayList.forEach(ArrayList.java:1511)
at java.base/java.util.concurrent.FutureTask.run(FutureTask.java:264)
at java.base/java.util.concurrent.ThreadPoolExecutor.runWorker(ThreadPoolExecutor.java:1136)
at java.base/java.util.concurrent.ThreadPoolExecutor$Worker.run(ThreadPoolExecutor.java:635)
at java.base/java.lang.Thread.run(Thread.java:840)
... Removed 16 stack frames]]>
    </failure>
  </testcase> <!-- @AfterClass driverClose -->
  <testcase classname="org.testNG.TestLevelParallelTest" name="urlLaunch" time="0.0">
    <skipped/>
  </testcase> <!-- urlLaunch -->
  <testcase classname="org.testNG.TestLevelParallelTest" name="userName" time="0.0">
    <skipped/>
  </testcase> <!-- userName -->
  <testcase classname="org.testNG.TestLevelParallelTest" name="passWord" time="0.0">
    <skipped/>
  </testcase> <!-- passWord -->
</testsuite> <!-- Test4 -->
