<?xml version="1.0" encoding="UTF-8"?>
<testng-results ignored="0" total="1" passed="1" failed="0" skipped="0">
  <reporter-output>
  </reporter-output>
  <suite started-at="2024-11-14T15:35:50 IST" name="Default suite" finished-at="2024-11-14T15:35:53 IST" duration-ms="3661">
    <groups>
    </groups>
    <test started-at="2024-11-14T15:35:50 IST" name="Default test" finished-at="2024-11-14T15:35:53 IST" duration-ms="3661">
      <class name="org.restAssured.NonBddPutRequest">
        <test-method signature="putRequest()[pri:0, instance:org.restAssured.NonBddPutRequest@611889f4]" started-at="2024-11-14T15:35:50 IST" name="putRequest" finished-at="2024-11-14T15:35:53 IST" duration-ms="3626" status="PASS">
          <reporter-output>
          </reporter-output>
        </test-method> <!-- putRequest -->
      </class> <!-- org.restAssured.NonBddPutRequest -->
    </test> <!-- Default test -->
  </suite> <!-- Default suite -->
</testng-results>
